\BOOKMARK [0][-]{chapter.1}{\376\377\0001\000\040\000N\000a\000m\000e\000s\000p\000a\000c\000e\000\040\000I\000n\000d\000e\000x}{}% 1
\BOOKMARK [1][-]{section.1.1}{\376\377\0001\000.\0001\000\040\000N\000a\000m\000e\000s\000p\000a\000c\000e\000\040\000L\000i\000s\000t}{chapter.1}% 2
\BOOKMARK [0][-]{chapter.2}{\376\377\0002\000\040\000F\000i\000l\000e\000\040\000I\000n\000d\000e\000x}{}% 3
\BOOKMARK [1][-]{section.2.1}{\376\377\0002\000.\0001\000\040\000F\000i\000l\000e\000\040\000L\000i\000s\000t}{chapter.2}% 4
\BOOKMARK [0][-]{chapter.3}{\376\377\0003\000\040\000N\000a\000m\000e\000s\000p\000a\000c\000e\000\040\000D\000o\000c\000u\000m\000e\000n\000t\000a\000t\000i\000o\000n}{}% 5
\BOOKMARK [1][-]{section.3.1}{\376\377\0003\000.\0001\000\040\000c\000o\000n\000f\000i\000g\000\040\000N\000a\000m\000e\000s\000p\000a\000c\000e\000\040\000R\000e\000f\000e\000r\000e\000n\000c\000e}{chapter.3}% 6
\BOOKMARK [2][-]{subsection.3.1.1}{\376\377\0003\000.\0001\000.\0001\000\040\000D\000e\000t\000a\000i\000l\000e\000d\000\040\000D\000e\000s\000c\000r\000i\000p\000t\000i\000o\000n}{section.3.1}% 7
\BOOKMARK [2][-]{subsection.3.1.2}{\376\377\0003\000.\0001\000.\0002\000\040\000V\000a\000r\000i\000a\000b\000l\000e\000\040\000D\000o\000c\000u\000m\000e\000n\000t\000a\000t\000i\000o\000n}{section.3.1}% 8
\BOOKMARK [3][-]{subsubsection.3.1.2.1}{\376\377\0003\000.\0001\000.\0002\000.\0001\000\040\000C\000H\000U\000N\000K\000\137\000S\000I\000Z\000E}{subsection.3.1.2}% 9
\BOOKMARK [3][-]{subsubsection.3.1.2.2}{\376\377\0003\000.\0001\000.\0002\000.\0002\000\040\000E\000X\000C\000E\000L\000\137\000F\000I\000L\000E}{subsection.3.1.2}% 10
\BOOKMARK [3][-]{subsubsection.3.1.2.3}{\376\377\0003\000.\0001\000.\0002\000.\0003\000\040\000G\000E\000M\000I\000N\000I\000\137\000M\000O\000D\000E\000L}{subsection.3.1.2}% 11
\BOOKMARK [3][-]{subsubsection.3.1.2.4}{\376\377\0003\000.\0001\000.\0002\000.\0004\000\040\000G\000R\000O\000Q\000\137\000M\000O\000D\000E\000L}{subsection.3.1.2}% 12
\BOOKMARK [3][-]{subsubsection.3.1.2.5}{\376\377\0003\000.\0001\000.\0002\000.\0005\000\040\000M\000A\000I\000N\000\137\000F\000O\000L\000D\000E\000R}{subsection.3.1.2}% 13
\BOOKMARK [3][-]{subsubsection.3.1.2.6}{\376\377\0003\000.\0001\000.\0002\000.\0006\000\040\000O\000V\000E\000R\000L\000A\000P}{subsection.3.1.2}% 14
\BOOKMARK [3][-]{subsubsection.3.1.2.7}{\376\377\0003\000.\0001\000.\0002\000.\0007\000\040\000P\000R\000O\000M\000P\000T\000S\000\137\000F\000I\000L\000E}{subsection.3.1.2}% 15
\BOOKMARK [3][-]{subsubsection.3.1.2.8}{\376\377\0003\000.\0001\000.\0002\000.\0008\000\040\000P\000R\000O\000M\000P\000T\000S\000\137\000T\000A\000B\000L\000E}{subsection.3.1.2}% 16
\BOOKMARK [3][-]{subsubsection.3.1.2.9}{\376\377\0003\000.\0001\000.\0002\000.\0009\000\040\000T\000O\000P\000\137\000K}{subsection.3.1.2}% 17
\BOOKMARK [3][-]{subsubsection.3.1.2.10}{\376\377\0003\000.\0001\000.\0002\000.\0001\0000\000\040\000W\000H\000I\000S\000P\000E\000R\000E\000R\000\137\000B\000A\000S\000E}{subsection.3.1.2}% 18
\BOOKMARK [1][-]{section.3.2}{\376\377\0003\000.\0002\000\040\000e\000x\000t\000r\000a\000c\000t\000o\000r\000\040\000N\000a\000m\000e\000s\000p\000a\000c\000e\000\040\000R\000e\000f\000e\000r\000e\000n\000c\000e}{chapter.3}% 19
\BOOKMARK [2][-]{subsection.3.2.1}{\376\377\0003\000.\0002\000.\0001\000\040\000D\000e\000t\000a\000i\000l\000e\000d\000\040\000D\000e\000s\000c\000r\000i\000p\000t\000i\000o\000n}{section.3.2}% 20
\BOOKMARK [2][-]{subsection.3.2.2}{\376\377\0003\000.\0002\000.\0002\000\040\000F\000u\000n\000c\000t\000i\000o\000n\000\040\000D\000o\000c\000u\000m\000e\000n\000t\000a\000t\000i\000o\000n}{section.3.2}% 21
\BOOKMARK [3][-]{subsubsection.3.2.2.1}{\376\377\0003\000.\0002\000.\0002\000.\0001\000\040\000c\000h\000u\000n\000k\000\137\000t\000e\000x\000t\000\050\000\051}{subsection.3.2.2}% 22
\BOOKMARK [3][-]{subsubsection.3.2.2.2}{\376\377\0003\000.\0002\000.\0002\000.\0002\000\040\000e\000x\000t\000r\000a\000c\000t\000\137\000c\000h\000u\000n\000k\000s\000\137\000f\000r\000o\000m\000\137\000t\000w\000o\000\137\000p\000d\000f\000s\000\050\000\051}{subsection.3.2.2}% 23
\BOOKMARK [3][-]{subsubsection.3.2.2.3}{\376\377\0003\000.\0002\000.\0002\000.\0003\000\040\000e\000x\000t\000r\000a\000c\000t\000\137\000t\000e\000x\000t\000\137\000f\000r\000o\000m\000\137\000p\000d\000f\000\050\000\051}{subsection.3.2.2}% 24
\BOOKMARK [1][-]{section.3.3}{\376\377\0003\000.\0003\000\040\000m\000a\000i\000n\000\040\000N\000a\000m\000e\000s\000p\000a\000c\000e\000\040\000R\000e\000f\000e\000r\000e\000n\000c\000e}{chapter.3}% 25
\BOOKMARK [2][-]{subsection.3.3.1}{\376\377\0003\000.\0003\000.\0001\000\040\000D\000e\000t\000a\000i\000l\000e\000d\000\040\000D\000e\000s\000c\000r\000i\000p\000t\000i\000o\000n}{section.3.3}% 26
\BOOKMARK [2][-]{subsection.3.3.2}{\376\377\0003\000.\0003\000.\0002\000\040\000F\000u\000n\000c\000t\000i\000o\000n\000\040\000D\000o\000c\000u\000m\000e\000n\000t\000a\000t\000i\000o\000n}{section.3.3}% 27
\BOOKMARK [3][-]{subsubsection.3.3.2.1}{\376\377\0003\000.\0003\000.\0002\000.\0001\000\040\000f\000i\000n\000d\000\137\000p\000d\000f\000\137\000p\000a\000i\000r\000\050\000\051}{subsection.3.3.2}% 28
\BOOKMARK [3][-]{subsubsection.3.3.2.2}{\376\377\0003\000.\0003\000.\0002\000.\0002\000\040\000m\000a\000i\000n\000\050\000\051}{subsection.3.3.2}% 29
\BOOKMARK [3][-]{subsubsection.3.3.2.3}{\376\377\0003\000.\0003\000.\0002\000.\0003\000\040\000m\000a\000i\000n\000\137\000t\000a\000b\000l\000e\000\050\000\051}{subsection.3.3.2}% 30
\BOOKMARK [1][-]{section.3.4}{\376\377\0003\000.\0004\000\040\000p\000a\000r\000s\000e\000r\000\040\000N\000a\000m\000e\000s\000p\000a\000c\000e\000\040\000R\000e\000f\000e\000r\000e\000n\000c\000e}{chapter.3}% 31
\BOOKMARK [2][-]{subsection.3.4.1}{\376\377\0003\000.\0004\000.\0001\000\040\000D\000e\000t\000a\000i\000l\000e\000d\000\040\000D\000e\000s\000c\000r\000i\000p\000t\000i\000o\000n}{section.3.4}% 32
\BOOKMARK [2][-]{subsection.3.4.2}{\376\377\0003\000.\0004\000.\0002\000\040\000F\000u\000n\000c\000t\000i\000o\000n\000\040\000D\000o\000c\000u\000m\000e\000n\000t\000a\000t\000i\000o\000n}{section.3.4}% 33
\BOOKMARK [3][-]{subsubsection.3.4.2.1}{\376\377\0003\000.\0004\000.\0002\000.\0001\000\040\000a\000s\000s\000e\000m\000b\000l\000e\000\137\000c\000o\000n\000t\000e\000x\000t\000\050\000\051}{subsection.3.4.2}% 34
\BOOKMARK [3][-]{subsubsection.3.4.2.2}{\376\377\0003\000.\0004\000.\0002\000.\0002\000\040\000b\000u\000i\000l\000d\000\137\000t\000f\000i\000d\000f\000\137\000i\000n\000d\000e\000x\000\050\000\051}{subsection.3.4.2}% 35
\BOOKMARK [3][-]{subsubsection.3.4.2.3}{\376\377\0003\000.\0004\000.\0002\000.\0003\000\040\000c\000a\000l\000l\000\137\000g\000e\000m\000i\000n\000i\000\050\000\051}{subsection.3.4.2}% 36
\BOOKMARK [3][-]{subsubsection.3.4.2.4}{\376\377\0003\000.\0004\000.\0002\000.\0004\000\040\000c\000a\000l\000l\000\137\000g\000r\000o\000q\000\050\000\051}{subsection.3.4.2}% 37
\BOOKMARK [3][-]{subsubsection.3.4.2.5}{\376\377\0003\000.\0004\000.\0002\000.\0005\000\040\000p\000a\000r\000s\000e\000\137\000w\000i\000t\000h\000\137\000l\000l\000m\000\050\000\051}{subsection.3.4.2}% 38
\BOOKMARK [3][-]{subsubsection.3.4.2.6}{\376\377\0003\000.\0004\000.\0002\000.\0006\000\040\000p\000a\000r\000s\000e\000\137\000w\000i\000t\000h\000\137\000l\000l\000m\000\137\000g\000e\000m\000i\000n\000i\000\050\000\051}{subsection.3.4.2}% 39
\BOOKMARK [3][-]{subsubsection.3.4.2.7}{\376\377\0003\000.\0004\000.\0002\000.\0007\000\040\000r\000e\000t\000r\000i\000e\000v\000e\000\137\000t\000o\000p\000\137\000k\000\050\000\051}{subsection.3.4.2}% 40
\BOOKMARK [1][-]{section.3.5}{\376\377\0003\000.\0005\000\040\000t\000a\000b\000l\000e\000\137\000e\000x\000t\000r\000a\000c\000t\000o\000r\000\040\000N\000a\000m\000e\000s\000p\000a\000c\000e\000\040\000R\000e\000f\000e\000r\000e\000n\000c\000e}{chapter.3}% 41
\BOOKMARK [2][-]{subsection.3.5.1}{\376\377\0003\000.\0005\000.\0001\000\040\000D\000e\000t\000a\000i\000l\000e\000d\000\040\000D\000e\000s\000c\000r\000i\000p\000t\000i\000o\000n}{section.3.5}% 42
\BOOKMARK [2][-]{subsection.3.5.2}{\376\377\0003\000.\0005\000.\0002\000\040\000F\000u\000n\000c\000t\000i\000o\000n\000\040\000D\000o\000c\000u\000m\000e\000n\000t\000a\000t\000i\000o\000n}{section.3.5}% 43
\BOOKMARK [3][-]{subsubsection.3.5.2.1}{\376\377\0003\000.\0005\000.\0002\000.\0001\000\040\000a\000s\000s\000e\000m\000b\000l\000e\000\137\000p\000a\000g\000e\000s\000\137\000w\000i\000t\000h\000\137\000p\000y\000p\000d\000f\000\050\000\051}{subsection.3.5.2}% 44
\BOOKMARK [3][-]{subsubsection.3.5.2.2}{\376\377\0003\000.\0005\000.\0002\000.\0002\000\040\000c\000a\000l\000l\000\137\000w\000h\000i\000s\000p\000e\000r\000e\000r\000\137\000a\000n\000d\000\137\000g\000e\000t\000\137\000t\000e\000x\000t\000\050\000\051}{subsection.3.5.2}% 45
\BOOKMARK [3][-]{subsubsection.3.5.2.3}{\376\377\0003\000.\0005\000.\0002\000.\0003\000\040\000c\000r\000e\000a\000t\000e\000\137\000l\000a\000b\000e\000l\000\137\000p\000a\000g\000e\000\137\000b\000y\000t\000e\000s\000\050\000\051}{subsection.3.5.2}% 46
\BOOKMARK [3][-]{subsubsection.3.5.2.4}{\376\377\0003\000.\0005\000.\0002\000.\0004\000\040\000f\000i\000n\000d\000\137\000f\000r\000a\000m\000e\000w\000o\000r\000k\000\137\000a\000n\000d\000\137\000s\000p\000o\000\137\000p\000d\000f\000s\000\050\000\051}{subsection.3.5.2}% 47
\BOOKMARK [3][-]{subsubsection.3.5.2.5}{\376\377\0003\000.\0005\000.\0002\000.\0005\000\040\000g\000e\000t\000\137\000p\000a\000g\000e\000s\000\137\000w\000i\000t\000h\000\137\000t\000a\000b\000l\000e\000s\000\137\000p\000d\000f\000p\000l\000u\000m\000b\000e\000r\000\050\000\051}{subsection.3.5.2}% 48
\BOOKMARK [3][-]{subsubsection.3.5.2.6}{\376\377\0003\000.\0005\000.\0002\000.\0006\000\040\000p\000r\000o\000c\000e\000s\000s\000\137\000s\000u\000b\000f\000o\000l\000d\000e\000r\000s\000\137\000i\000n\000\137\000m\000e\000m\000o\000r\000y\000\050\000\051}{subsection.3.5.2}% 49
\BOOKMARK [3][-]{subsubsection.3.5.2.7}{\376\377\0003\000.\0005\000.\0002\000.\0007\000\040\000w\000r\000i\000t\000e\000\137\000t\000e\000m\000p\000\137\000m\000e\000r\000g\000e\000d\000\137\000p\000d\000f\000\050\000\051}{subsection.3.5.2}% 50
\BOOKMARK [2][-]{subsection.3.5.3}{\376\377\0003\000.\0005\000.\0003\000\040\000V\000a\000r\000i\000a\000b\000l\000e\000\040\000D\000o\000c\000u\000m\000e\000n\000t\000a\000t\000i\000o\000n}{section.3.5}% 51
\BOOKMARK [3][-]{subsubsection.3.5.3.1}{\376\377\0003\000.\0005\000.\0003\000.\0001\000\040\000R\000O\000O\000T\000\137\000F\000O\000L\000D\000E\000R}{subsection.3.5.3}% 52
\BOOKMARK [3][-]{subsubsection.3.5.3.2}{\376\377\0003\000.\0005\000.\0003\000.\0002\000\040\000W\000H\000I\000S\000P\000E\000R\000E\000R\000\137\000A\000P\000I\000\137\000K\000E\000Y}{subsection.3.5.3}% 53
\BOOKMARK [3][-]{subsubsection.3.5.3.3}{\376\377\0003\000.\0005\000.\0003\000.\0003\000\040\000W\000H\000I\000S\000P\000E\000R\000E\000R\000\137\000B\000A\000S\000E}{subsection.3.5.3}% 54
\BOOKMARK [1][-]{section.3.6}{\376\377\0003\000.\0006\000\040\000t\000a\000b\000l\000e\000\137\000p\000a\000r\000s\000e\000r\000\040\000N\000a\000m\000e\000s\000p\000a\000c\000e\000\040\000R\000e\000f\000e\000r\000e\000n\000c\000e}{chapter.3}% 55
\BOOKMARK [2][-]{subsection.3.6.1}{\376\377\0003\000.\0006\000.\0001\000\040\000D\000e\000t\000a\000i\000l\000e\000d\000\040\000D\000e\000s\000c\000r\000i\000p\000t\000i\000o\000n}{section.3.6}% 56
\BOOKMARK [2][-]{subsection.3.6.2}{\376\377\0003\000.\0006\000.\0002\000\040\000F\000u\000n\000c\000t\000i\000o\000n\000\040\000D\000o\000c\000u\000m\000e\000n\000t\000a\000t\000i\000o\000n}{section.3.6}% 57
\BOOKMARK [3][-]{subsubsection.3.6.2.1}{\376\377\0003\000.\0006\000.\0002\000.\0001\000\040\000p\000a\000r\000s\000e\000r\000\137\000f\000o\000r\000\137\000t\000a\000b\000l\000e\000\050\000\051}{subsection.3.6.2}% 58
\BOOKMARK [2][-]{subsection.3.6.3}{\376\377\0003\000.\0006\000.\0003\000\040\000V\000a\000r\000i\000a\000b\000l\000e\000\040\000D\000o\000c\000u\000m\000e\000n\000t\000a\000t\000i\000o\000n}{section.3.6}% 59
\BOOKMARK [3][-]{subsubsection.3.6.3.1}{\376\377\0003\000.\0006\000.\0003\000.\0001\000\040\000L\000L\000M\000\137\000A\000P\000I\000\137\000K\000E\000Y}{subsection.3.6.3}% 60
\BOOKMARK [3][-]{subsubsection.3.6.3.2}{\376\377\0003\000.\0006\000.\0003\000.\0002\000\040\000M\000O\000D\000E\000L\000\137\000N\000A\000M\000E}{subsection.3.6.3}% 61
\BOOKMARK [3][-]{subsubsection.3.6.3.3}{\376\377\0003\000.\0006\000.\0003\000.\0003\000\040\000P\000R\000O\000M\000P\000T\000\137\000J\000S\000O\000N\000\137\000P\000A\000T\000H}{subsection.3.6.3}% 62
\BOOKMARK [1][-]{section.3.7}{\376\377\0003\000.\0007\000\040\000t\000a\000b\000l\000e\000\137\000w\000r\000i\000t\000e\000r\000\040\000N\000a\000m\000e\000s\000p\000a\000c\000e\000\040\000R\000e\000f\000e\000r\000e\000n\000c\000e}{chapter.3}% 63
\BOOKMARK [2][-]{subsection.3.7.1}{\376\377\0003\000.\0007\000.\0001\000\040\000D\000e\000t\000a\000i\000l\000e\000d\000\040\000D\000e\000s\000c\000r\000i\000p\000t\000i\000o\000n}{section.3.7}% 64
\BOOKMARK [2][-]{subsection.3.7.2}{\376\377\0003\000.\0007\000.\0002\000\040\000F\000u\000n\000c\000t\000i\000o\000n\000\040\000D\000o\000c\000u\000m\000e\000n\000t\000a\000t\000i\000o\000n}{section.3.7}% 65
\BOOKMARK [3][-]{subsubsection.3.7.2.1}{\376\377\0003\000.\0007\000.\0002\000.\0001\000\040\000w\000r\000i\000t\000e\000r\000\137\000t\000o\000\137\000e\000x\000c\000e\000l\000\137\000t\000a\000b\000l\000e\000\050\000\051}{subsection.3.7.2}% 66
\BOOKMARK [1][-]{section.3.8}{\376\377\0003\000.\0008\000\040\000w\000r\000i\000t\000e\000r\000\040\000N\000a\000m\000e\000s\000p\000a\000c\000e\000\040\000R\000e\000f\000e\000r\000e\000n\000c\000e}{chapter.3}% 67
\BOOKMARK [2][-]{subsection.3.8.1}{\376\377\0003\000.\0008\000.\0001\000\040\000D\000e\000t\000a\000i\000l\000e\000d\000\040\000D\000e\000s\000c\000r\000i\000p\000t\000i\000o\000n}{section.3.8}% 68
\BOOKMARK [2][-]{subsection.3.8.2}{\376\377\0003\000.\0008\000.\0002\000\040\000F\000u\000n\000c\000t\000i\000o\000n\000\040\000D\000o\000c\000u\000m\000e\000n\000t\000a\000t\000i\000o\000n}{section.3.8}% 69
\BOOKMARK [3][-]{subsubsection.3.8.2.1}{\376\377\0003\000.\0008\000.\0002\000.\0001\000\040\000\137\000g\000e\000t\000\137\000n\000e\000x\000t\000\137\000f\000r\000a\000m\000e\000w\000o\000r\000k\000\137\000i\000d\000\050\000\051}{subsection.3.8.2}% 70
\BOOKMARK [3][-]{subsubsection.3.8.2.2}{\376\377\0003\000.\0008\000.\0002\000.\0002\000\040\000\137\000i\000n\000i\000t\000\137\000w\000o\000r\000k\000b\000o\000o\000k\000\050\000\051}{subsection.3.8.2}% 71
\BOOKMARK [3][-]{subsubsection.3.8.2.3}{\376\377\0003\000.\0008\000.\0002\000.\0003\000\040\000w\000r\000i\000t\000e\000\137\000t\000o\000\137\000e\000x\000c\000e\000l\000\050\000\051}{subsection.3.8.2}% 72
\BOOKMARK [0][-]{chapter.4}{\376\377\0004\000\040\000F\000i\000l\000e\000\040\000D\000o\000c\000u\000m\000e\000n\000t\000a\000t\000i\000o\000n}{}% 73
\BOOKMARK [1][-]{section.4.1}{\376\377\0004\000.\0001\000\040\000c\000o\000n\000f\000i\000g\000.\000p\000y\000\040\000F\000i\000l\000e\000\040\000R\000e\000f\000e\000r\000e\000n\000c\000e}{chapter.4}% 74
\BOOKMARK [1][-]{section.4.2}{\376\377\0004\000.\0002\000\040\000e\000x\000t\000r\000a\000c\000t\000o\000r\000.\000p\000y\000\040\000F\000i\000l\000e\000\040\000R\000e\000f\000e\000r\000e\000n\000c\000e}{chapter.4}% 75
\BOOKMARK [1][-]{section.4.3}{\376\377\0004\000.\0003\000\040\000m\000a\000i\000n\000.\000p\000y\000\040\000F\000i\000l\000e\000\040\000R\000e\000f\000e\000r\000e\000n\000c\000e}{chapter.4}% 76
\BOOKMARK [1][-]{section.4.4}{\376\377\0004\000.\0004\000\040\000p\000a\000r\000s\000e\000r\000.\000p\000y\000\040\000F\000i\000l\000e\000\040\000R\000e\000f\000e\000r\000e\000n\000c\000e}{chapter.4}% 77
\BOOKMARK [1][-]{section.4.5}{\376\377\0004\000.\0005\000\040\000t\000a\000b\000l\000e\000\137\000e\000x\000t\000r\000a\000c\000t\000o\000r\000.\000p\000y\000\040\000F\000i\000l\000e\000\040\000R\000e\000f\000e\000r\000e\000n\000c\000e}{chapter.4}% 78
\BOOKMARK [1][-]{section.4.6}{\376\377\0004\000.\0006\000\040\000t\000a\000b\000l\000e\000\137\000p\000a\000r\000s\000e\000r\000.\000p\000y\000\040\000F\000i\000l\000e\000\040\000R\000e\000f\000e\000r\000e\000n\000c\000e}{chapter.4}% 79
\BOOKMARK [1][-]{section.4.7}{\376\377\0004\000.\0007\000\040\000t\000a\000b\000l\000e\000\137\000w\000r\000i\000t\000e\000r\000.\000p\000y\000\040\000F\000i\000l\000e\000\040\000R\000e\000f\000e\000r\000e\000n\000c\000e}{chapter.4}% 80
\BOOKMARK [1][-]{section.4.8}{\376\377\0004\000.\0008\000\040\000w\000r\000i\000t\000e\000r\000.\000p\000y\000\040\000F\000i\000l\000e\000\040\000R\000e\000f\000e\000r\000e\000n\000c\000e}{chapter.4}% 81
